[debug] [2021-05-25T12:40:50.302Z] ----------------------------------------------------------------------
[debug] [2021-05-25T12:40:50.304Z] Command:       C:\Program Files (x86)\nodejs\node.exe C:\Users\RAJ KUMAR\AppData\Roaming\npm\node_modules\firebase-tools\lib\bin\firebase.js init
[debug] [2021-05-25T12:40:50.305Z] CLI Version:   9.11.0
[debug] [2021-05-25T12:40:50.305Z] Platform:      win32
[debug] [2021-05-25T12:40:50.305Z] Node Version:  v14.16.1
[debug] [2021-05-25T12:40:50.307Z] Time:          Tue May 25 2021 18:10:50 GMT+0530 (India Standard Time)
[debug] [2021-05-25T12:40:50.308Z] ----------------------------------------------------------------------
[debug] 
[debug] [2021-05-25T12:40:50.321Z] > command requires scopes: ["email","openid","https://www.googleapis.com/auth/cloudplatformprojects.readonly","https://www.googleapis.com/auth/firebase","https://www.googleapis.com/auth/cloud-platform"]
[debug] [2021-05-25T12:40:50.321Z] > authorizing via signed-in user (rajaboddu34@gmail.com)
[info] 
     ######## #### ########  ######## ########     ###     ######  ########
     ##        ##  ##     ## ##       ##     ##  ##   ##  ##       ##
     ######    ##  ########  ######   ########  #########  ######  ######
     ##        ##  ##    ##  ##       ##     ## ##     ##       ## ##
     ##       #### ##     ## ######## ########  ##     ##  ######  ########

You're about to initialize a Firebase project in this directory:

  D:\react\games

Before we get started, keep in mind:

  * You are initializing in an existing Firebase project directory

[info] 
=== Project Setup
[info] 
[info] First, let's associate this project directory with a Firebase project.
[info] You can create multiple project aliases by running firebase use --add, 
[info] but for now we'll just set up a default project.
[info] 
[info] i  .firebaserc already has a default project, using games-d0dc8. 
[debug] [2021-05-25T12:43:05.487Z] > refreshing access token with scopes: []
[debug] [2021-05-25T12:43:05.487Z] >>> HTTP REQUEST POST https://www.googleapis.com/oauth2/v3/token  
 <request body omitted>
[debug] [2021-05-25T12:43:06.006Z] <<< HTTP RESPONSE 200 {"date":"Tue, 25 May 2021 12:43:03 GMT","cache-control":"no-cache, no-store, max-age=0, must-revalidate","expires":"Mon, 01 Jan 1990 00:00:00 GMT","pragma":"no-cache","content-type":"application/json; charset=utf-8","vary":"X-Origin, Referer, Origin,Accept-Encoding","server":"scaffolding on HTTPServer2","x-xss-protection":"0","x-frame-options":"SAMEORIGIN","x-content-type-options":"nosniff","alt-svc":"h3-29=\":443\"; ma=2592000,h3-T051=\":443\"; ma=2592000,h3-Q050=\":443\"; ma=2592000,h3-Q046=\":443\"; ma=2592000,h3-Q043=\":443\"; ma=2592000,quic=\":443\"; ma=2592000; v=\"46,43\"","accept-ranges":"none","transfer-encoding":"chunked"}
[debug] [2021-05-25T12:43:06.033Z] >>> [apiv2][query] GET https://firebase.googleapis.com/v1beta1/projects/games-d0dc8 [none]
[debug] [2021-05-25T12:43:06.727Z] <<< [apiv2][status] GET https://firebase.googleapis.com/v1beta1/projects/games-d0dc8 200
[debug] [2021-05-25T12:43:06.727Z] <<< [apiv2][body] GET https://firebase.googleapis.com/v1beta1/projects/games-d0dc8 {"projectId":"games-d0dc8","projectNumber":"277915434873","displayName":"3Games","name":"projects/games-d0dc8","resources":{"hostingSite":"games-d0dc8","realtimeDatabaseInstance":"games-d0dc8-default-rtdb","storageBucket":"games-d0dc8.appspot.com","locationId":"us-central"},"state":"ACTIVE"}
[info] 
=== Hosting Setup
[info] 
[info] Your public directory is the folder (relative to your project directory) that
[info] will contain Hosting assets to be uploaded with firebase deploy. If you
[info] have a build process for your assets, use your build's output directory.
[info] 
[info] +  Wrote build/404.html 
[debug] [2021-05-25T12:43:23.227Z] >>> [apiv2][query] GET https://www.gstatic.com/firebasejs/releases.json [none]
[debug] [2021-05-25T12:43:23.629Z] <<< [apiv2][status] GET https://www.gstatic.com/firebasejs/releases.json 200
[debug] [2021-05-25T12:43:23.630Z] <<< [apiv2][body] GET https://www.gstatic.com/firebasejs/releases.json {"current":{"version":"8.6.2","browserURL":"https://www.gstatic.com/firebasejs/8.6.2/firebase.js","packageURL":"https://www.gstatic.com/firebasejs/8.6.2/firebase.tgz"},"live":{"version":"8.6","browserURL":"https://www.gstatic.com/firebasejs/live/8.6/firebase.js","packageURL":"https://www.gstatic.com/firebasejs/live/8.6/firebase.tgz"},"components":{"analytics":"https://www.gstatic.com/firebasejs/8.6.2/firebase-analytics.js","app":"https://www.gstatic.com/firebasejs/8.6.2/firebase-app.js","app-check":"https://www.gstatic.com/firebasejs/8.6.2/firebase-app-check.js","auth":"https://www.gstatic.com/firebasejs/8.6.2/firebase-auth.js","database":"https://www.gstatic.com/firebasejs/8.6.2/firebase-database.js","firestore":"https://www.gstatic.com/firebasejs/8.6.2/firebase-firestore.js","functions":"https://www.gstatic.com/firebasejs/8.6.2/firebase-functions.js","installations":"https://www.gstatic.com/firebasejs/8.6.2/firebase-installations.js","messaging":"https://www.gstatic.com/firebasejs/8.6.2/firebase-messaging.js","storage":"https://www.gstatic.com/firebasejs/8.6.2/firebase-storage.js","performance":"https://www.gstatic.com/firebasejs/8.6.2/firebase-performance.js","remote-config":"https://www.gstatic.com/firebasejs/8.6.2/firebase-remote-config.js","firestore.memory":"https://www.gstatic.com/firebasejs/8.6.2/firebase-firestore.memory.js"}}
[info] +  Wrote build/index.html 
[info] 
[info] i  Detected a .git folder at D:\react\games 
[info] i  Authorizing with GitHub to upload your service account to a GitHub repository's secrets store. 
[info] 
[info] Visit this URL on this device to log in:
[info] https://github.com/login/oauth/authorize?client_id=89cf50f02ac6aaed3484&state=656376661&redirect_uri=http%3A%2F%2Flocalhost%3A9005&scope=read%3Auser%20repo%20public_repo
[info] 
[info] Waiting for authentication...
[debug] [2021-05-25T12:44:03.518Z] >>> HTTP REQUEST POST https://github.com/login/oauth/access_token  
 {"client_id":"89cf50f02ac6aaed3484","client_secret":"3330d14abc895d9a74d5f17cd7a00711fa2c5bf0","code":"7ecaf4af24188b19b024","redirect_uri":"http://localhost:9005","state":"656376661"}
[debug] [2021-05-25T12:44:04.122Z] <<< HTTP RESPONSE 200 {"server":"GitHub.com","date":"Tue, 25 May 2021 12:44:01 GMT","content-type":"application/json; charset=utf-8","transfer-encoding":"chunked","vary":"X-PJAX, Accept-Encoding, Accept, X-Requested-With","permissions-policy":"interest-cohort=()","etag":"W/\"358fae00c62a89edab56fde631c0c5c2\"","cache-control":"max-age=0, private, must-revalidate","strict-transport-security":"max-age=31536000; includeSubdomains; preload","x-frame-options":"deny","x-content-type-options":"nosniff","x-xss-protection":"0","referrer-policy":"origin-when-cross-origin, strict-origin-when-cross-origin","expect-ct":"max-age=2592000, report-uri=\"https://api.github.com/_private/browser/errors\"","content-security-policy":"default-src 'none'; base-uri 'self'; block-all-mixed-content; connect-src 'self' uploads.github.com www.githubstatus.com collector.githubapp.com api.github.com github-cloud.s3.amazonaws.com github-production-repository-file-5c1aeb.s3.amazonaws.com github-production-upload-manifest-file-7fdce7.s3.amazonaws.com github-production-user-asset-6210df.s3.amazonaws.com html-translator.herokuapp.com cdn.optimizely.com logx.optimizely.com/v1/events wss://alive.github.com; font-src github.githubassets.com; form-action 'self' github.com gist.github.com; frame-ancestors 'none'; frame-src render.githubusercontent.com; img-src 'self' data: github.githubassets.com identicons.github.com collector.githubapp.com github-cloud.s3.amazonaws.com secured-user-images.githubusercontent.com/ *.githubusercontent.com; manifest-src 'self'; media-src 'none'; script-src github.githubassets.com; style-src 'unsafe-inline' github.githubassets.com; worker-src github.com/socket-worker-3f088aa2.js gist.github.com/socket-worker-3f088aa2.js","x-github-request-id":"DF4D:7B7C:B20BAB:C1334F:60ACF110"}
[debug] [2021-05-25T12:44:04.132Z] >>> [apiv2][query] GET https://api.github.com/user [none]
[debug] [2021-05-25T12:44:04.706Z] <<< [apiv2][status] GET https://api.github.com/user 200
[debug] [2021-05-25T12:44:04.706Z] <<< [apiv2][body] GET https://api.github.com/user {"login":"rajaboddu","id":51256722,"node_id":"MDQ6VXNlcjUxMjU2NzIy","avatar_url":"https://avatars.githubusercontent.com/u/51256722?v=4","gravatar_id":"","url":"https://api.github.com/users/rajaboddu","html_url":"https://github.com/rajaboddu","followers_url":"https://api.github.com/users/rajaboddu/followers","following_url":"https://api.github.com/users/rajaboddu/following{/other_user}","gists_url":"https://api.github.com/users/rajaboddu/gists{/gist_id}","starred_url":"https://api.github.com/users/rajaboddu/starred{/owner}{/repo}","subscriptions_url":"https://api.github.com/users/rajaboddu/subscriptions","organizations_url":"https://api.github.com/users/rajaboddu/orgs","repos_url":"https://api.github.com/users/rajaboddu/repos","events_url":"https://api.github.com/users/rajaboddu/events{/privacy}","received_events_url":"https://api.github.com/users/rajaboddu/received_events","type":"User","site_admin":false,"name":null,"company":null,"blog":"","location":null,"email":null,"hireable":null,"bio":null,"twitter_username":null,"public_repos":2,"public_gists":0,"followers":1,"following":1,"created_at":"2019-06-01T06:12:10Z","updated_at":"2021-05-25T12:43:53Z","private_gists":0,"total_private_repos":0,"owned_private_repos":0,"disk_usage":24984,"collaborators":0,"two_factor_authentication":false,"plan":{"name":"free","space":976562499,"collaborators":0,"private_repos":10000}}
[info] 
[info] +  Success! Logged into GitHub as rajaboddu 
[info] 
[debug] [2021-05-25T12:44:28.599Z] >>> [apiv2][query] GET https://api.github.com/repos//actions/secrets/public-key type=owner
[debug] [2021-05-25T12:44:29.101Z] <<< [apiv2][status] GET https://api.github.com/repos//actions/secrets/public-key 404
[debug] [2021-05-25T12:44:29.101Z] <<< [apiv2][body] GET https://api.github.com/repos//actions/secrets/public-key {"message":"Not Found","documentation_url":"https://docs.github.com/rest"}
[debug] [2021-05-25T12:44:37.075Z] >>> [apiv2][query] GET https://api.github.com/repos//actions/secrets/public-key type=owner
[debug] [2021-05-25T12:44:37.712Z] <<< [apiv2][status] GET https://api.github.com/repos//actions/secrets/public-key 404
[debug] [2021-05-25T12:44:37.712Z] <<< [apiv2][body] GET https://api.github.com/repos//actions/secrets/public-key {"message":"Not Found","documentation_url":"https://docs.github.com/rest"}
[debug] [2021-05-25T12:44:38.468Z] >>> [apiv2][query] GET https://api.github.com/repos//actions/secrets/public-key type=owner
[debug] [2021-05-25T12:44:41.518Z] <<< [apiv2][status] GET https://api.github.com/repos//actions/secrets/public-key 404
[debug] [2021-05-25T12:44:41.519Z] <<< [apiv2][body] GET https://api.github.com/repos//actions/secrets/public-key {"message":"Not Found","documentation_url":"https://docs.github.com/rest"}
